<?xml version="1.0" encoding="UTF-8"?>
<testsuite name="GameTest" tests="1" skipped="0" failures="0" errors="0" timestamp="2022-04-11T20:27:33" hostname="wifi-roaming-128-4-130-42.wifi.udel.edu" time="0.025">
  <properties/>
  <testcase name="gameTests()" classname="GameTest" time="0.025"/>
  <system-out><![CDATA[Testing Game
Game Board:
**************************************************************************
Col :       0        1        2        3        4        5        6        7        
Row : 0   -------  -------  -Red M-  -------  -------  -------  -------  -------  
Row : 1   -------  -Blu M-  -------  -------  -------  -------  -------  -------  
Row : 2   -------  -------  -------  -------  -------  -------  -------  -------  
Row : 3   -------  -------  -------  -------  -------  -------  -------  -------  
Row : 4   -------  -------  -------  -------  -------  -------  -------  -Blu E-  
Row : 5   -------  -Red B-  -------  -------  -------  -------  -------  -------  
Row : 6   -------  -------  -------  -------  -------  -------  -------  -------  
Row : 7   -Red E-  -------  -Blu B-  -Red H-  -------  -Blu H-  -------  -------  
**************************************************************************
Team Blu Pieces :
Blu M Blu B Blu H Blu E 
**************************************************************************
Team Red Pieces :
Red M Red B Red H Red E 
**************************************************************************
It is Team Blu's turn

]]></system-out>
  <system-err><![CDATA[]]></system-err>
</testsuite>
