<?xml version="1.0" encoding="UTF-8"?>
<testsuite name="BoardSquareTest" tests="1" skipped="0" failures="0" errors="0" timestamp="2022-04-07T21:11:55" hostname="wifi-roaming-128-4-155-239.wifi.udel.edu" time="0.018">
  <properties/>
  <testcase name="testingBoardSpace()" classname="BoardSquareTest" time="0.018"/>
  <system-out><![CDATA[Testing Board Square Class
]]></system-out>
  <system-err><![CDATA[]]></system-err>
</testsuite>
