<?xml version="1.0" encoding="UTF-8"?>
<testsuite name="PieceTest" tests="5" skipped="0" failures="0" errors="0" timestamp="2022-04-06T21:38:36" hostname="LAPTOP-DMMATRD1" time="0.037">
  <properties/>
  <testcase name="test_Minion()" classname="PieceTest" time="0.028"/>
  <testcase name="test_Buzz()" classname="PieceTest" time="0.002"/>
  <testcase name="test_BlueHen()" classname="PieceTest" time="0.002"/>
  <testcase name="test_EvilMinion()" classname="PieceTest" time="0.002"/>
  <testcase name="test_Piece()" classname="PieceTest" time="0.002"/>
  <system-out><![CDATA[Testing Minion Piece
Testing Buzz Lightyear Class
Testing Blue Hen Class
Testing Evil Minion Piece
Testing Piece Class
Testing Piece Constructor passes
]]></system-out>
  <system-err><![CDATA[]]></system-err>
</testsuite>
