<?xml version="1.0" encoding="UTF-8"?>
<testsuite name="TeamTest" tests="1" skipped="0" failures="0" errors="0" timestamp="2022-04-10T22:34:25" hostname="LAPTOP-DMMATRD1" time="0.044">
  <properties/>
  <testcase name="getTeamName()" classname="TeamTest" time="0.044"/>
  <system-out><![CDATA[Testing Team class
Team Blu Pieces :
Blu M Blu B Blu E 
Team Red Pieces :
Red H 
]]></system-out>
  <system-err><![CDATA[]]></system-err>
</testsuite>
